<?xml version="1.0" encoding="UTF-8"?>
<testsuite xmlns:xsi="http://www.w3.org/2001/XMLSchema-instance" xsi:noNamespaceSchemaLocation="https://maven.apache.org/surefire/maven-surefire-plugin/xsd/surefire-test-report-3.0.xsd" version="3.0" name="br.com.fiap.QualyMec.QualyMecApplicationTests" time="8.551" tests="1" errors="0" skipped="0" failures="0">
  <properties>
[...]
</properties>
  <testcase name="contextLoads" classname="br.com.fiap.QualyMec.QualyMecApplicationTests" time="0.576">
    <system-out><![CDATA[18:14:03.826 [main] INFO org.springframework.test.context.support.AnnotationConfigContextLoaderUtils -- Could not detect default configuration classes for test class [br.com.fiap.QualyMec.QualyMecApplicationTests]: QualyMecApplicationTests does not declare any static, non-private, non-final, nested classes annotated with @Configuration.
18:14:03.940 [main] INFO org.springframework.boot.test.context.SpringBootTestContextBootstrapper -- Found @SpringBootConfiguration br.com.fiap.QualyMec.QualyaMecApplication for test class br.com.fiap.QualyMec.QualyMecApplicationTests

  .   ____          _            __ _ _
 /\\ / ___'_ __ _ _(_)_ __  __ _ \ \ \ \
( ( )\___ | '_ | '_| | '_ \/ _` | \ \ \ \
 \\/  ___)| |_)| | | | | || (_| |  ) ) ) )
  '  |____| .__|_| |_|_| |_\__, | / / / /
 =========|_|==============|___/=/_/_/_/
 :: Spring Boot ::                (v3.1.0)

2023-06-07T18:14:04.508-03:00  INFO 18968 --- [           main] b.c.f.QualyMec.QualyMecApplicationTests  : Starting QualyMecApplicationTests using Java 17.0.7 with PID 18968 (started by Dell in C:\Users\Dell\Documents\GSDevOpsToolsAndCloudComputing-FIAP)
2023-06-07T18:14:04.510-03:00  INFO 18968 --- [           main] b.c.f.QualyMec.QualyMecApplicationTests  : No active profile set, falling back to 1 default profile: "default"
2023-06-07T18:14:05.741-03:00  INFO 18968 --- [           main] .s.d.r.c.RepositoryConfigurationDelegate : Bootstrapping Spring Data JPA repositories in DEFAULT mode.
2023-06-07T18:14:05.865-03:00  INFO 18968 --- [           main] .s.d.r.c.RepositoryConfigurationDelegate : Finished Spring Data repository scanning in 108 ms. Found 5 JPA repository interfaces.
2023-06-07T18:14:06.620-03:00  INFO 18968 --- [           main] o.hibernate.jpa.internal.util.LogHelper  : HHH000204: Processing PersistenceUnitInfo [name: default]
2023-06-07T18:14:06.756-03:00  INFO 18968 --- [           main] org.hibernate.Version                    : HHH000412: Hibernate ORM core version 6.2.2.Final
2023-06-07T18:14:06.760-03:00  INFO 18968 --- [           main] org.hibernate.cfg.Environment            : HHH000406: Using bytecode reflection optimizer
2023-06-07T18:14:07.131-03:00  INFO 18968 --- [           main] o.h.b.i.BytecodeProviderInitiator        : HHH000021: Bytecode provider name : bytebuddy
2023-06-07T18:14:07.353-03:00  INFO 18968 --- [           main] o.s.o.j.p.SpringPersistenceUnitInfo      : No LoadTimeWeaver setup: ignoring JPA class transformer
2023-06-07T18:14:07.374-03:00  INFO 18968 --- [           main] com.zaxxer.hikari.HikariDataSource       : HikariPool-1 - Starting...
2023-06-07T18:14:07.592-03:00  INFO 18968 --- [           main] com.zaxxer.hikari.pool.HikariPool        : HikariPool-1 - Added connection com.mysql.cj.jdbc.ConnectionImpl@74b97416
2023-06-07T18:14:07.595-03:00  INFO 18968 --- [           main] com.zaxxer.hikari.HikariDataSource       : HikariPool-1 - Start completed.
2023-06-07T18:14:07.658-03:00  WARN 18968 --- [           main] org.hibernate.dialect.Dialect            : HHH000511: The 5.5.0 version for [org.hibernate.dialect.MySQLDialect] is no longer supported, hence certain features may not work properly. The minimum supported version is 5.7.0. Check the community dialects project for available legacy versions.
2023-06-07T18:14:07.663-03:00  INFO 18968 --- [           main] org.hibernate.orm.dialect                : HHH035001: Using dialect: org.hibernate.dialect.MySQLDialect, version: 5.5
2023-06-07T18:14:08.005-03:00  INFO 18968 --- [           main] o.h.b.i.BytecodeProviderInitiator        : HHH000021: Bytecode provider name : bytebuddy
2023-06-07T18:14:08.981-03:00  INFO 18968 --- [           main] o.h.e.t.j.p.i.JtaPlatformInitiator       : HHH000490: Using JtaPlatform implementation: [org.hibernate.engine.transaction.jta.platform.internal.NoJtaPlatform]
2023-06-07T18:14:09.211-03:00  INFO 18968 --- [           main] o.h.t.s.i.e.GenerationTargetToDatabase   : HHH000476: Executing script '[injected ScriptSourceInputNonExistentImpl script]'
2023-06-07T18:14:09.214-03:00  INFO 18968 --- [           main] j.LocalContainerEntityManagerFactoryBean : Initialized JPA EntityManagerFactory for persistence unit 'default'
2023-06-07T18:14:10.185-03:00  WARN 18968 --- [           main] JpaBaseConfiguration$JpaWebConfiguration : spring.jpa.open-in-view is enabled by default. Therefore, database queries may be performed during view rendering. Explicitly configure spring.jpa.open-in-view to disable this warning
2023-06-07T18:14:10.700-03:00  INFO 18968 --- [           main] o.s.s.web.DefaultSecurityFilterChain     : Will secure any request with [org.springframework.security.web.session.DisableEncodeUrlFilter@7fd3c38b, org.springframework.security.web.context.request.async.WebAsyncManagerIntegrationFilter@27260f9c, org.springframework.security.web.context.SecurityContextHolderFilter@5cbebfba, org.springframework.security.web.header.HeaderWriterFilter@3903cfc9, org.springframework.security.web.authentication.logout.LogoutFilter@7e4bbda4, br.com.fiap.QualyMec.config.AuthorizationFilter@da4c5cb, org.springframework.security.web.savedrequest.RequestCacheAwareFilter@58df2864, org.springframework.security.web.servletapi.SecurityContextHolderAwareRequestFilter@76ccde41, org.springframework.security.web.authentication.AnonymousAuthenticationFilter@25031fd4, org.springframework.security.web.session.SessionManagementFilter@288e50c1, org.springframework.security.web.access.ExceptionTranslationFilter@69374e28, org.springframework.security.web.access.intercept.FilterSecurityInterceptor@6768dc74]
2023-06-07T18:14:11.331-03:00  INFO 18968 --- [           main] b.c.f.QualyMec.QualyMecApplicationTests  : Started QualyMecApplicationTests in 7.164 seconds (process running for 8.336)
]]></system-out>
  </testcase>
</testsuite>